{"/Users/ArturoSchmidt/Desktop/websites/siteDraper/onSiteDrpaery/index.js": {"path":"/Users/ArturoSchmidt/Desktop/websites/siteDraper/onSiteDrpaery/index.js","statementMap":{"0":{"start":{"line":1,"column":17},"end":{"line":1,"column":35}},"1":{"start":{"line":2,"column":17},"end":{"line":2,"column":30}},"2":{"start":{"line":3,"column":17},"end":{"line":3,"column":26}},"3":{"start":{"line":4,"column":17},"end":{"line":4,"column":34}},"4":{"start":{"line":5,"column":9},"end":{"line":5,"column":21}},"5":{"start":{"line":7,"column":22},"end":{"line":7,"column":37}},"6":{"start":{"line":8,"column":22},"end":{"line":8,"column":56}},"7":{"start":{"line":9,"column":22},"end":{"line":9,"column":53}},"8":{"start":{"line":10,"column":22},"end":{"line":10,"column":45}},"9":{"start":{"line":11,"column":22},"end":{"line":11,"column":48}},"10":{"start":{"line":12,"column":22},"end":{"line":12,"column":41}},"11":{"start":{"line":13,"column":22},"end":{"line":13,"column":47}},"12":{"start":{"line":14,"column":22},"end":{"line":14,"column":37}},"13":{"start":{"line":15,"column":23},"end":{"line":15,"column":45}},"14":{"start":{"line":19,"column":23},"end":{"line":30,"column":1}},"15":{"start":{"line":33,"column":18},"end":{"line":42,"column":1}},"16":{"start":{"line":35,"column":4},"end":{"line":40,"column":5}},"17":{"start":{"line":36,"column":6},"end":{"line":36,"column":25}},"18":{"start":{"line":38,"column":6},"end":{"line":38,"column":25}},"19":{"start":{"line":39,"column":6},"end":{"line":39,"column":48}},"20":{"start":{"line":44,"column":0},"end":{"line":44,"column":26}},"21":{"start":{"line":45,"column":0},"end":{"line":45,"column":26}},"22":{"start":{"line":46,"column":0},"end":{"line":46,"column":48}},"23":{"start":{"line":50,"column":0},"end":{"line":54,"column":4}},"24":{"start":{"line":57,"column":0},"end":{"line":57,"column":31}},"25":{"start":{"line":58,"column":0},"end":{"line":58,"column":28}},"26":{"start":{"line":60,"column":11},"end":{"line":74,"column":1}},"27":{"start":{"line":67,"column":16},"end":{"line":69,"column":31}},"28":{"start":{"line":71,"column":8},"end":{"line":71,"column":22}},"29":{"start":{"line":72,"column":8},"end":{"line":72,"column":16}},"30":{"start":{"line":76,"column":32},"end":{"line":76,"column":84}},"31":{"start":{"line":78,"column":0},"end":{"line":81,"column":73}},"32":{"start":{"line":80,"column":12},"end":{"line":80,"column":50}},"33":{"start":{"line":81,"column":14},"end":{"line":81,"column":72}},"34":{"start":{"line":86,"column":0},"end":{"line":86,"column":28}},"35":{"start":{"line":87,"column":0},"end":{"line":87,"column":29}},"36":{"start":{"line":88,"column":0},"end":{"line":88,"column":40}},"37":{"start":{"line":98,"column":0},"end":{"line":98,"column":21}}},"fnMap":{"0":{"name":"(anonymous_0)","decl":{"start":{"line":34,"column":10},"end":{"line":34,"column":11}},"loc":{"start":{"line":34,"column":36},"end":{"line":41,"column":3}},"line":34},"1":{"name":"(anonymous_1)","decl":{"start":{"line":66,"column":11},"end":{"line":66,"column":12}},"loc":{"start":{"line":66,"column":23},"end":{"line":73,"column":7}},"line":66},"2":{"name":"(anonymous_2)","decl":{"start":{"line":80,"column":6},"end":{"line":80,"column":7}},"loc":{"start":{"line":80,"column":12},"end":{"line":80,"column":50}},"line":80},"3":{"name":"(anonymous_3)","decl":{"start":{"line":81,"column":7},"end":{"line":81,"column":8}},"loc":{"start":{"line":81,"column":14},"end":{"line":81,"column":72}},"line":81}},"branchMap":{"0":{"loc":{"start":{"line":35,"column":4},"end":{"line":40,"column":5}},"type":"if","locations":[{"start":{"line":35,"column":4},"end":{"line":40,"column":5}},{"start":{"line":35,"column":4},"end":{"line":40,"column":5}}],"line":35},"1":{"loc":{"start":{"line":35,"column":7},"end":{"line":35,"column":57}},"type":"binary-expr","locations":[{"start":{"line":35,"column":7},"end":{"line":35,"column":14}},{"start":{"line":35,"column":18},"end":{"line":35,"column":57}}],"line":35}},"s":{"0":1,"1":1,"2":1,"3":1,"4":1,"5":1,"6":1,"7":1,"8":1,"9":1,"10":1,"11":1,"12":1,"13":1,"14":1,"15":1,"16":8,"17":8,"18":0,"19":0,"20":1,"21":1,"22":1,"23":1,"24":1,"25":1,"26":1,"27":1,"28":1,"29":1,"30":1,"31":1,"32":1,"33":0,"34":1,"35":1,"36":1,"37":1},"f":{"0":8,"1":1,"2":1,"3":0},"b":{"0":[8,0],"1":[8,0]},"_coverageSchema":"43e27e138ebf9cfc5966b082cf9a028302ed4184","hash":"677ee40ae3ac18b989dd42c5c7aa50594581d8cb"}
,"/Users/ArturoSchmidt/Desktop/websites/siteDraper/onSiteDrpaery/config/google.js": {"path":"/Users/ArturoSchmidt/Desktop/websites/siteDraper/onSiteDrpaery/config/google.js","statementMap":{"0":{"start":{"line":2,"column":17},"end":{"line":2,"column":36}},"1":{"start":{"line":3,"column":21},"end":{"line":3,"column":68}},"2":{"start":{"line":6,"column":0},"end":{"line":10,"column":3}},"3":{"start":{"line":7,"column":2},"end":{"line":7,"column":42}},"4":{"start":{"line":8,"column":2},"end":{"line":8,"column":19}},"5":{"start":{"line":9,"column":2},"end":{"line":9,"column":28}},"6":{"start":{"line":12,"column":0},"end":{"line":28,"column":3}},"7":{"start":{"line":13,"column":24},"end":{"line":13,"column":71}},"8":{"start":{"line":15,"column":2},"end":{"line":15,"column":35}},"9":{"start":{"line":16,"column":2},"end":{"line":16,"column":21}},"10":{"start":{"line":17,"column":2},"end":{"line":27,"column":4}},"11":{"start":{"line":18,"column":4},"end":{"line":26,"column":5}},"12":{"start":{"line":19,"column":6},"end":{"line":19,"column":45}},"13":{"start":{"line":20,"column":6},"end":{"line":20,"column":24}},"14":{"start":{"line":22,"column":6},"end":{"line":22,"column":48}},"15":{"start":{"line":23,"column":6},"end":{"line":23,"column":35}},"16":{"start":{"line":24,"column":6},"end":{"line":24,"column":35}},"17":{"start":{"line":30,"column":0},"end":{"line":70,"column":3}},"18":{"start":{"line":36,"column":19},"end":{"line":36,"column":40}},"19":{"start":{"line":37,"column":20},"end":{"line":37,"column":42}},"20":{"start":{"line":38,"column":19},"end":{"line":38,"column":42}},"21":{"start":{"line":40,"column":29},"end":{"line":40,"column":39}},"22":{"start":{"line":41,"column":24},"end":{"line":41,"column":55}},"23":{"start":{"line":43,"column":26},"end":{"line":43,"column":73}},"24":{"start":{"line":44,"column":30},"end":{"line":44,"column":107}},"25":{"start":{"line":46,"column":4},"end":{"line":68,"column":6}},"26":{"start":{"line":47,"column":6},"end":{"line":67,"column":7}},"27":{"start":{"line":48,"column":8},"end":{"line":48,"column":56}},"28":{"start":{"line":49,"column":8},"end":{"line":49,"column":52}},"29":{"start":{"line":51,"column":8},"end":{"line":66,"column":9}},"30":{"start":{"line":52,"column":10},"end":{"line":61,"column":12}},"31":{"start":{"line":53,"column":12},"end":{"line":60,"column":13}},"32":{"start":{"line":54,"column":14},"end":{"line":54,"column":53}},"33":{"start":{"line":55,"column":14},"end":{"line":55,"column":83}},"34":{"start":{"line":57,"column":14},"end":{"line":57,"column":60}},"35":{"start":{"line":58,"column":14},"end":{"line":58,"column":43}},"36":{"start":{"line":59,"column":14},"end":{"line":59,"column":42}},"37":{"start":{"line":63,"column":10},"end":{"line":63,"column":59}},"38":{"start":{"line":65,"column":9},"end":{"line":65,"column":37}}},"fnMap":{"0":{"name":"(anonymous_0)","decl":{"start":{"line":6,"column":23},"end":{"line":6,"column":24}},"loc":{"start":{"line":6,"column":44},"end":{"line":10,"column":1}},"line":6},"1":{"name":"(anonymous_1)","decl":{"start":{"line":12,"column":25},"end":{"line":12,"column":26}},"loc":{"start":{"line":12,"column":48},"end":{"line":28,"column":1}},"line":12},"2":{"name":"(anonymous_2)","decl":{"start":{"line":17,"column":51},"end":{"line":17,"column":52}},"loc":{"start":{"line":17,"column":70},"end":{"line":27,"column":3}},"line":17},"3":{"name":"(anonymous_3)","decl":{"start":{"line":35,"column":2},"end":{"line":35,"column":3}},"loc":{"start":{"line":35,"column":46},"end":{"line":69,"column":3}},"line":35},"4":{"name":"(anonymous_4)","decl":{"start":{"line":46,"column":63},"end":{"line":46,"column":64}},"loc":{"start":{"line":46,"column":83},"end":{"line":68,"column":5}},"line":46},"5":{"name":"(anonymous_5)","decl":{"start":{"line":52,"column":67},"end":{"line":52,"column":68}},"loc":{"start":{"line":52,"column":86},"end":{"line":61,"column":11}},"line":52}},"branchMap":{"0":{"loc":{"start":{"line":18,"column":4},"end":{"line":26,"column":5}},"type":"if","locations":[{"start":{"line":18,"column":4},"end":{"line":26,"column":5}},{"start":{"line":18,"column":4},"end":{"line":26,"column":5}}],"line":18},"1":{"loc":{"start":{"line":47,"column":6},"end":{"line":67,"column":7}},"type":"if","locations":[{"start":{"line":47,"column":6},"end":{"line":67,"column":7}},{"start":{"line":47,"column":6},"end":{"line":67,"column":7}}],"line":47},"2":{"loc":{"start":{"line":51,"column":8},"end":{"line":66,"column":9}},"type":"if","locations":[{"start":{"line":51,"column":8},"end":{"line":66,"column":9}},{"start":{"line":51,"column":8},"end":{"line":66,"column":9}}],"line":51},"3":{"loc":{"start":{"line":53,"column":12},"end":{"line":60,"column":13}},"type":"if","locations":[{"start":{"line":53,"column":12},"end":{"line":60,"column":13}},{"start":{"line":53,"column":12},"end":{"line":60,"column":13}}],"line":53}},"s":{"0":1,"1":1,"2":1,"3":0,"4":0,"5":0,"6":1,"7":0,"8":0,"9":0,"10":0,"11":0,"12":0,"13":0,"14":0,"15":0,"16":0,"17":1,"18":0,"19":0,"20":0,"21":0,"22":0,"23":0,"24":0,"25":0,"26":0,"27":0,"28":0,"29":0,"30":0,"31":0,"32":0,"33":0,"34":0,"35":0,"36":0,"37":0,"38":0},"f":{"0":0,"1":0,"2":0,"3":0,"4":0,"5":0},"b":{"0":[0,0],"1":[0,0],"2":[0,0],"3":[0,0]},"_coverageSchema":"43e27e138ebf9cfc5966b082cf9a028302ed4184","hash":"d470298495f2d15824a8848e216c697ecf29728b"}
,"/Users/ArturoSchmidt/Desktop/websites/siteDraper/onSiteDrpaery/config/tokens.js": {"path":"/Users/ArturoSchmidt/Desktop/websites/siteDraper/onSiteDrpaery/config/tokens.js","statementMap":{"0":{"start":{"line":1,"column":15},"end":{"line":1,"column":38}},"1":{"start":{"line":5,"column":33},"end":{"line":10,"column":1}},"2":{"start":{"line":6,"column":22},"end":{"line":8,"column":6}},"3":{"start":{"line":9,"column":4},"end":{"line":9,"column":22}},"4":{"start":{"line":12,"column":25},"end":{"line":22,"column":1}},"5":{"start":{"line":13,"column":19},"end":{"line":21,"column":6}},"6":{"start":{"line":14,"column":8},"end":{"line":20,"column":9}},"7":{"start":{"line":15,"column":12},"end":{"line":15,"column":59}},"8":{"start":{"line":16,"column":12},"end":{"line":16,"column":24}},"9":{"start":{"line":18,"column":12},"end":{"line":18,"column":52}},"10":{"start":{"line":19,"column":12},"end":{"line":19,"column":29}}},"fnMap":{"0":{"name":"(anonymous_0)","decl":{"start":{"line":5,"column":33},"end":{"line":5,"column":34}},"loc":{"start":{"line":5,"column":42},"end":{"line":10,"column":1}},"line":5},"1":{"name":"(anonymous_1)","decl":{"start":{"line":12,"column":25},"end":{"line":12,"column":26}},"loc":{"start":{"line":12,"column":35},"end":{"line":22,"column":1}},"line":12},"2":{"name":"(anonymous_2)","decl":{"start":{"line":13,"column":74},"end":{"line":13,"column":75}},"loc":{"start":{"line":13,"column":90},"end":{"line":21,"column":5}},"line":13}},"branchMap":{"0":{"loc":{"start":{"line":14,"column":8},"end":{"line":20,"column":9}},"type":"if","locations":[{"start":{"line":14,"column":8},"end":{"line":20,"column":9}},{"start":{"line":14,"column":8},"end":{"line":20,"column":9}}],"line":14}},"s":{"0":1,"1":1,"2":0,"3":0,"4":1,"5":0,"6":0,"7":0,"8":0,"9":0,"10":0},"f":{"0":0,"1":0,"2":0},"b":{"0":[0,0]},"_coverageSchema":"43e27e138ebf9cfc5966b082cf9a028302ed4184","hash":"63a9dcae73f50727b7eba7a5c359d0f803ea197c"}
,"/Users/ArturoSchmidt/Desktop/websites/siteDraper/onSiteDrpaery/routes/auth-routes.js": {"path":"/Users/ArturoSchmidt/Desktop/websites/siteDraper/onSiteDrpaery/routes/auth-routes.js","statementMap":{"0":{"start":{"line":4,"column":20},"end":{"line":4,"column":38}},"1":{"start":{"line":5,"column":20},"end":{"line":5,"column":29}},"2":{"start":{"line":6,"column":20},"end":{"line":6,"column":39}},"3":{"start":{"line":7,"column":20},"end":{"line":7,"column":43}},"4":{"start":{"line":8,"column":20},"end":{"line":8,"column":37}},"5":{"start":{"line":29,"column":0},"end":{"line":32,"column":2}},"6":{"start":{"line":30,"column":4},"end":{"line":30,"column":39}},"7":{"start":{"line":31,"column":4},"end":{"line":31,"column":22}},"8":{"start":{"line":34,"column":0},"end":{"line":37,"column":2}},"9":{"start":{"line":36,"column":4},"end":{"line":36,"column":42}},"10":{"start":{"line":39,"column":0},"end":{"line":77,"column":2}},"11":{"start":{"line":40,"column":4},"end":{"line":40,"column":34}},"12":{"start":{"line":41,"column":19},"end":{"line":41,"column":64}},"13":{"start":{"line":42,"column":4},"end":{"line":42,"column":25}},"14":{"start":{"line":44,"column":4},"end":{"line":75,"column":6}},"15":{"start":{"line":45,"column":29},"end":{"line":45,"column":33}},"16":{"start":{"line":46,"column":19},"end":{"line":46,"column":23}},"17":{"start":{"line":47,"column":25},"end":{"line":47,"column":88}},"18":{"start":{"line":49,"column":8},"end":{"line":74,"column":9}},"19":{"start":{"line":50,"column":12},"end":{"line":50,"column":79}},"20":{"start":{"line":51,"column":12},"end":{"line":51,"column":30}},"21":{"start":{"line":53,"column":12},"end":{"line":73,"column":13}},"22":{"start":{"line":54,"column":16},"end":{"line":54,"column":67}},"23":{"start":{"line":55,"column":16},"end":{"line":70,"column":21}},"24":{"start":{"line":56,"column":20},"end":{"line":69,"column":21}},"25":{"start":{"line":57,"column":24},"end":{"line":57,"column":78}},"26":{"start":{"line":58,"column":24},"end":{"line":58,"column":42}},"27":{"start":{"line":60,"column":24},"end":{"line":68,"column":26}},"28":{"start":{"line":61,"column":28},"end":{"line":67,"column":29}},"29":{"start":{"line":62,"column":32},"end":{"line":62,"column":66}},"30":{"start":{"line":63,"column":32},"end":{"line":63,"column":50}},"31":{"start":{"line":65,"column":32},"end":{"line":65,"column":59}},"32":{"start":{"line":66,"column":32},"end":{"line":66,"column":61}},"33":{"start":{"line":72,"column":16},"end":{"line":72,"column":80}},"34":{"start":{"line":79,"column":0},"end":{"line":123,"column":2}},"35":{"start":{"line":81,"column":4},"end":{"line":81,"column":39}},"36":{"start":{"line":82,"column":4},"end":{"line":82,"column":20}},"37":{"start":{"line":83,"column":23},"end":{"line":83,"column":40}},"38":{"start":{"line":84,"column":19},"end":{"line":84,"column":38}},"39":{"start":{"line":85,"column":15},"end":{"line":85,"column":24}},"40":{"start":{"line":86,"column":4},"end":{"line":86,"column":25}},"41":{"start":{"line":88,"column":19},"end":{"line":88,"column":64}},"42":{"start":{"line":92,"column":4},"end":{"line":120,"column":6}},"43":{"start":{"line":93,"column":29},"end":{"line":93,"column":33}},"44":{"start":{"line":94,"column":8},"end":{"line":119,"column":9}},"45":{"start":{"line":95,"column":12},"end":{"line":95,"column":79}},"46":{"start":{"line":96,"column":12},"end":{"line":96,"column":30}},"47":{"start":{"line":98,"column":12},"end":{"line":118,"column":13}},"48":{"start":{"line":99,"column":16},"end":{"line":99,"column":49}},"49":{"start":{"line":100,"column":16},"end":{"line":100,"column":80}},"50":{"start":{"line":103,"column":16},"end":{"line":103,"column":58}},"51":{"start":{"line":104,"column":16},"end":{"line":117,"column":18}},"52":{"start":{"line":105,"column":20},"end":{"line":116,"column":21}},"53":{"start":{"line":106,"column":24},"end":{"line":106,"column":87}},"54":{"start":{"line":107,"column":24},"end":{"line":107,"column":42}},"55":{"start":{"line":108,"column":26},"end":{"line":116,"column":21}},"56":{"start":{"line":109,"column":24},"end":{"line":109,"column":77}},"57":{"start":{"line":110,"column":24},"end":{"line":110,"column":43}},"58":{"start":{"line":111,"column":24},"end":{"line":111,"column":38}},"59":{"start":{"line":113,"column":24},"end":{"line":113,"column":79}},"60":{"start":{"line":114,"column":24},"end":{"line":114,"column":40}},"61":{"start":{"line":115,"column":24},"end":{"line":115,"column":38}},"62":{"start":{"line":125,"column":0},"end":{"line":141,"column":2}},"63":{"start":{"line":127,"column":26},"end":{"line":127,"column":73}},"64":{"start":{"line":129,"column":4},"end":{"line":139,"column":6}},"65":{"start":{"line":130,"column":8},"end":{"line":138,"column":9}},"66":{"start":{"line":131,"column":12},"end":{"line":131,"column":45}},"67":{"start":{"line":132,"column":12},"end":{"line":132,"column":30}},"68":{"start":{"line":134,"column":12},"end":{"line":134,"column":37}},"69":{"start":{"line":135,"column":12},"end":{"line":135,"column":41}},"70":{"start":{"line":136,"column":23},"end":{"line":136,"column":39}},"71":{"start":{"line":137,"column":12},"end":{"line":137,"column":26}},"72":{"start":{"line":144,"column":25},"end":{"line":160,"column":1}},"73":{"start":{"line":145,"column":16},"end":{"line":145,"column":20}},"74":{"start":{"line":146,"column":26},"end":{"line":146,"column":73}},"75":{"start":{"line":148,"column":4},"end":{"line":157,"column":6}},"76":{"start":{"line":149,"column":8},"end":{"line":156,"column":9}},"77":{"start":{"line":150,"column":12},"end":{"line":150,"column":45}},"78":{"start":{"line":151,"column":12},"end":{"line":151,"column":30}},"79":{"start":{"line":153,"column":12},"end":{"line":153,"column":37}},"80":{"start":{"line":154,"column":12},"end":{"line":154,"column":41}},"81":{"start":{"line":155,"column":12},"end":{"line":155,"column":35}},"82":{"start":{"line":159,"column":4},"end":{"line":159,"column":15}},"83":{"start":{"line":164,"column":0},"end":{"line":164,"column":87}},"84":{"start":{"line":166,"column":0},"end":{"line":171,"column":3}},"85":{"start":{"line":168,"column":12},"end":{"line":168,"column":47}},"86":{"start":{"line":169,"column":12},"end":{"line":169,"column":35}},"87":{"start":{"line":173,"column":1},"end":{"line":176,"column":3}},"88":{"start":{"line":174,"column":5},"end":{"line":174,"column":17}},"89":{"start":{"line":175,"column":5},"end":{"line":175,"column":22}},"90":{"start":{"line":180,"column":0},"end":{"line":180,"column":21}}},"fnMap":{"0":{"name":"(anonymous_0)","decl":{"start":{"line":29,"column":27},"end":{"line":29,"column":28}},"loc":{"start":{"line":29,"column":44},"end":{"line":32,"column":1}},"line":29},"1":{"name":"(anonymous_1)","decl":{"start":{"line":34,"column":26},"end":{"line":34,"column":27}},"loc":{"start":{"line":34,"column":38},"end":{"line":37,"column":1}},"line":34},"2":{"name":"(anonymous_2)","decl":{"start":{"line":39,"column":20},"end":{"line":39,"column":21}},"loc":{"start":{"line":39,"column":32},"end":{"line":77,"column":1}},"line":39},"3":{"name":"(anonymous_3)","decl":{"start":{"line":44,"column":57},"end":{"line":44,"column":58}},"loc":{"start":{"line":44,"column":77},"end":{"line":75,"column":5}},"line":44},"4":{"name":"(anonymous_4)","decl":{"start":{"line":55,"column":50},"end":{"line":55,"column":51}},"loc":{"start":{"line":55,"column":64},"end":{"line":70,"column":19}},"line":55},"5":{"name":"(anonymous_5)","decl":{"start":{"line":60,"column":86},"end":{"line":60,"column":87}},"loc":{"start":{"line":60,"column":106},"end":{"line":68,"column":25}},"line":60},"6":{"name":"(anonymous_6)","decl":{"start":{"line":79,"column":19},"end":{"line":79,"column":20}},"loc":{"start":{"line":79,"column":31},"end":{"line":123,"column":1}},"line":79},"7":{"name":"(anonymous_7)","decl":{"start":{"line":92,"column":46},"end":{"line":92,"column":47}},"loc":{"start":{"line":92,"column":66},"end":{"line":120,"column":5}},"line":92},"8":{"name":"(anonymous_8)","decl":{"start":{"line":104,"column":61},"end":{"line":104,"column":62}},"loc":{"start":{"line":104,"column":82},"end":{"line":117,"column":17}},"line":104},"9":{"name":"(anonymous_9)","decl":{"start":{"line":125,"column":30},"end":{"line":125,"column":31}},"loc":{"start":{"line":125,"column":42},"end":{"line":141,"column":1}},"line":125},"10":{"name":"(anonymous_10)","decl":{"start":{"line":129,"column":73},"end":{"line":129,"column":74}},"loc":{"start":{"line":129,"column":94},"end":{"line":139,"column":5}},"line":129},"11":{"name":"(anonymous_11)","decl":{"start":{"line":144,"column":25},"end":{"line":144,"column":26}},"loc":{"start":{"line":144,"column":39},"end":{"line":160,"column":1}},"line":144},"12":{"name":"(anonymous_12)","decl":{"start":{"line":148,"column":50},"end":{"line":148,"column":51}},"loc":{"start":{"line":148,"column":71},"end":{"line":157,"column":5}},"line":148},"13":{"name":"(anonymous_13)","decl":{"start":{"line":167,"column":8},"end":{"line":167,"column":9}},"loc":{"start":{"line":167,"column":25},"end":{"line":170,"column":9}},"line":167},"14":{"name":"(anonymous_14)","decl":{"start":{"line":173,"column":27},"end":{"line":173,"column":28}},"loc":{"start":{"line":173,"column":44},"end":{"line":176,"column":2}},"line":173}},"branchMap":{"0":{"loc":{"start":{"line":49,"column":8},"end":{"line":74,"column":9}},"type":"if","locations":[{"start":{"line":49,"column":8},"end":{"line":74,"column":9}},{"start":{"line":49,"column":8},"end":{"line":74,"column":9}}],"line":49},"1":{"loc":{"start":{"line":53,"column":12},"end":{"line":73,"column":13}},"type":"if","locations":[{"start":{"line":53,"column":12},"end":{"line":73,"column":13}},{"start":{"line":53,"column":12},"end":{"line":73,"column":13}}],"line":53},"2":{"loc":{"start":{"line":56,"column":20},"end":{"line":69,"column":21}},"type":"if","locations":[{"start":{"line":56,"column":20},"end":{"line":69,"column":21}},{"start":{"line":56,"column":20},"end":{"line":69,"column":21}}],"line":56},"3":{"loc":{"start":{"line":61,"column":28},"end":{"line":67,"column":29}},"type":"if","locations":[{"start":{"line":61,"column":28},"end":{"line":67,"column":29}},{"start":{"line":61,"column":28},"end":{"line":67,"column":29}}],"line":61},"4":{"loc":{"start":{"line":94,"column":8},"end":{"line":119,"column":9}},"type":"if","locations":[{"start":{"line":94,"column":8},"end":{"line":119,"column":9}},{"start":{"line":94,"column":8},"end":{"line":119,"column":9}}],"line":94},"5":{"loc":{"start":{"line":98,"column":12},"end":{"line":118,"column":13}},"type":"if","locations":[{"start":{"line":98,"column":12},"end":{"line":118,"column":13}},{"start":{"line":98,"column":12},"end":{"line":118,"column":13}}],"line":98},"6":{"loc":{"start":{"line":105,"column":20},"end":{"line":116,"column":21}},"type":"if","locations":[{"start":{"line":105,"column":20},"end":{"line":116,"column":21}},{"start":{"line":105,"column":20},"end":{"line":116,"column":21}}],"line":105},"7":{"loc":{"start":{"line":108,"column":26},"end":{"line":116,"column":21}},"type":"if","locations":[{"start":{"line":108,"column":26},"end":{"line":116,"column":21}},{"start":{"line":108,"column":26},"end":{"line":116,"column":21}}],"line":108},"8":{"loc":{"start":{"line":130,"column":8},"end":{"line":138,"column":9}},"type":"if","locations":[{"start":{"line":130,"column":8},"end":{"line":138,"column":9}},{"start":{"line":130,"column":8},"end":{"line":138,"column":9}}],"line":130},"9":{"loc":{"start":{"line":149,"column":8},"end":{"line":156,"column":9}},"type":"if","locations":[{"start":{"line":149,"column":8},"end":{"line":156,"column":9}},{"start":{"line":149,"column":8},"end":{"line":156,"column":9}}],"line":149}},"s":{"0":1,"1":1,"2":1,"3":1,"4":1,"5":1,"6":1,"7":1,"8":1,"9":1,"10":1,"11":0,"12":0,"13":0,"14":0,"15":0,"16":0,"17":0,"18":0,"19":0,"20":0,"21":0,"22":0,"23":0,"24":0,"25":0,"26":0,"27":0,"28":0,"29":0,"30":0,"31":0,"32":0,"33":0,"34":1,"35":0,"36":0,"37":0,"38":0,"39":0,"40":0,"41":0,"42":0,"43":0,"44":0,"45":0,"46":0,"47":0,"48":0,"49":0,"50":0,"51":0,"52":0,"53":0,"54":0,"55":0,"56":0,"57":0,"58":0,"59":0,"60":0,"61":0,"62":1,"63":0,"64":0,"65":0,"66":0,"67":0,"68":0,"69":0,"70":0,"71":0,"72":1,"73":0,"74":0,"75":0,"76":0,"77":0,"78":0,"79":0,"80":0,"81":0,"82":0,"83":1,"84":1,"85":0,"86":0,"87":1,"88":0,"89":0,"90":1},"f":{"0":1,"1":1,"2":0,"3":0,"4":0,"5":0,"6":0,"7":0,"8":0,"9":0,"10":0,"11":0,"12":0,"13":0,"14":0},"b":{"0":[0,0],"1":[0,0],"2":[0,0],"3":[0,0],"4":[0,0],"5":[0,0],"6":[0,0],"7":[0,0],"8":[0,0],"9":[0,0]},"_coverageSchema":"43e27e138ebf9cfc5966b082cf9a028302ed4184","hash":"ca3a6e8894d6655075c2e9442833a75984c66625"}
,"/Users/ArturoSchmidt/Desktop/websites/siteDraper/onSiteDrpaery/routes/general-routes.js": {"path":"/Users/ArturoSchmidt/Desktop/websites/siteDraper/onSiteDrpaery/routes/general-routes.js","statementMap":{"0":{"start":{"line":1,"column":16},"end":{"line":1,"column":34}},"1":{"start":{"line":2,"column":12},"end":{"line":2,"column":21}},"2":{"start":{"line":37,"column":0},"end":{"line":60,"column":2}},"3":{"start":{"line":41,"column":4},"end":{"line":41,"column":39}},"4":{"start":{"line":42,"column":4},"end":{"line":42,"column":64}},"5":{"start":{"line":43,"column":4},"end":{"line":57,"column":6}},"6":{"start":{"line":44,"column":8},"end":{"line":56,"column":9}},"7":{"start":{"line":45,"column":12},"end":{"line":45,"column":58}},"8":{"start":{"line":47,"column":12},"end":{"line":55,"column":14}},"9":{"start":{"line":63,"column":0},"end":{"line":82,"column":3}},"10":{"start":{"line":65,"column":4},"end":{"line":65,"column":51}},"11":{"start":{"line":67,"column":4},"end":{"line":81,"column":6}},"12":{"start":{"line":68,"column":8},"end":{"line":80,"column":9}},"13":{"start":{"line":69,"column":12},"end":{"line":69,"column":57}},"14":{"start":{"line":71,"column":12},"end":{"line":71,"column":41}},"15":{"start":{"line":72,"column":12},"end":{"line":79,"column":14}},"16":{"start":{"line":84,"column":0},"end":{"line":86,"column":2}},"17":{"start":{"line":85,"column":4},"end":{"line":85,"column":33}},"18":{"start":{"line":88,"column":0},"end":{"line":88,"column":21}}},"fnMap":{"0":{"name":"(anonymous_0)","decl":{"start":{"line":37,"column":19},"end":{"line":37,"column":20}},"loc":{"start":{"line":37,"column":36},"end":{"line":60,"column":1}},"line":37},"1":{"name":"(anonymous_1)","decl":{"start":{"line":43,"column":54},"end":{"line":43,"column":55}},"loc":{"start":{"line":43,"column":72},"end":{"line":57,"column":5}},"line":43},"2":{"name":"(anonymous_2)","decl":{"start":{"line":63,"column":18},"end":{"line":63,"column":19}},"loc":{"start":{"line":63,"column":35},"end":{"line":82,"column":1}},"line":63},"3":{"name":"(anonymous_3)","decl":{"start":{"line":67,"column":50},"end":{"line":67,"column":51}},"loc":{"start":{"line":67,"column":70},"end":{"line":81,"column":5}},"line":67},"4":{"name":"(anonymous_4)","decl":{"start":{"line":84,"column":18},"end":{"line":84,"column":19}},"loc":{"start":{"line":84,"column":35},"end":{"line":86,"column":1}},"line":84}},"branchMap":{"0":{"loc":{"start":{"line":44,"column":8},"end":{"line":56,"column":9}},"type":"if","locations":[{"start":{"line":44,"column":8},"end":{"line":56,"column":9}},{"start":{"line":44,"column":8},"end":{"line":56,"column":9}}],"line":44},"1":{"loc":{"start":{"line":68,"column":8},"end":{"line":80,"column":9}},"type":"if","locations":[{"start":{"line":68,"column":8},"end":{"line":80,"column":9}},{"start":{"line":68,"column":8},"end":{"line":80,"column":9}}],"line":68}},"s":{"0":1,"1":1,"2":1,"3":2,"4":2,"5":2,"6":2,"7":0,"8":2,"9":1,"10":2,"11":2,"12":2,"13":0,"14":2,"15":2,"16":1,"17":0,"18":1},"f":{"0":2,"1":2,"2":2,"3":2,"4":0},"b":{"0":[0,2],"1":[0,2]},"_coverageSchema":"43e27e138ebf9cfc5966b082cf9a028302ed4184","hash":"ec9cbdd5b48f5a79aa16e9b8c1b103e2167e8704"}
}
