TN:
SF:/Users/ArturoSchmidt/Desktop/websites/siteDraper/onSiteDrpaery/index.js
FN:34,(anonymous_0)
FN:66,(anonymous_1)
FN:80,(anonymous_2)
FN:81,(anonymous_3)
FNF:4
FNH:3
FNDA:8,(anonymous_0)
FNDA:1,(anonymous_1)
FNDA:1,(anonymous_2)
FNDA:0,(anonymous_3)
DA:1,1
DA:2,1
DA:3,1
DA:4,1
DA:5,1
DA:7,1
DA:8,1
DA:9,1
DA:10,1
DA:11,1
DA:12,1
DA:13,1
DA:14,1
DA:15,1
DA:19,1
DA:33,1
DA:35,8
DA:36,8
DA:38,0
DA:39,0
DA:44,1
DA:45,1
DA:46,1
DA:50,1
DA:57,1
DA:58,1
DA:60,1
DA:67,1
DA:71,1
DA:72,1
DA:76,1
DA:78,1
DA:80,1
DA:81,0
DA:86,1
DA:87,1
DA:88,1
DA:98,1
LF:38
LH:35
BRDA:35,0,0,8
BRDA:35,0,1,0
BRDA:35,1,0,8
BRDA:35,1,1,0
BRF:4
BRH:2
end_of_record
TN:
SF:/Users/ArturoSchmidt/Desktop/websites/siteDraper/onSiteDrpaery/config/google.js
FN:6,(anonymous_0)
FN:12,(anonymous_1)
FN:17,(anonymous_2)
FN:35,(anonymous_3)
FN:46,(anonymous_4)
FN:52,(anonymous_5)
FNF:6
FNH:0
FNDA:0,(anonymous_0)
FNDA:0,(anonymous_1)
FNDA:0,(anonymous_2)
FNDA:0,(anonymous_3)
FNDA:0,(anonymous_4)
FNDA:0,(anonymous_5)
DA:2,1
DA:3,1
DA:6,1
DA:7,0
DA:8,0
DA:9,0
DA:12,1
DA:13,0
DA:15,0
DA:16,0
DA:17,0
DA:18,0
DA:19,0
DA:20,0
DA:22,0
DA:23,0
DA:24,0
DA:30,1
DA:36,0
DA:37,0
DA:38,0
DA:40,0
DA:41,0
DA:43,0
DA:44,0
DA:46,0
DA:47,0
DA:48,0
DA:49,0
DA:51,0
DA:52,0
DA:53,0
DA:54,0
DA:55,0
DA:57,0
DA:58,0
DA:59,0
DA:63,0
DA:65,0
LF:39
LH:5
BRDA:18,0,0,0
BRDA:18,0,1,0
BRDA:47,1,0,0
BRDA:47,1,1,0
BRDA:51,2,0,0
BRDA:51,2,1,0
BRDA:53,3,0,0
BRDA:53,3,1,0
BRF:8
BRH:0
end_of_record
TN:
SF:/Users/ArturoSchmidt/Desktop/websites/siteDraper/onSiteDrpaery/config/tokens.js
FN:5,(anonymous_0)
FN:12,(anonymous_1)
FN:13,(anonymous_2)
FNF:3
FNH:0
FNDA:0,(anonymous_0)
FNDA:0,(anonymous_1)
FNDA:0,(anonymous_2)
DA:1,1
DA:5,1
DA:6,0
DA:9,0
DA:12,1
DA:13,0
DA:14,0
DA:15,0
DA:16,0
DA:18,0
DA:19,0
LF:11
LH:3
BRDA:14,0,0,0
BRDA:14,0,1,0
BRF:2
BRH:0
end_of_record
TN:
SF:/Users/ArturoSchmidt/Desktop/websites/siteDraper/onSiteDrpaery/routes/auth-routes.js
FN:29,(anonymous_0)
FN:34,(anonymous_1)
FN:39,(anonymous_2)
FN:44,(anonymous_3)
FN:55,(anonymous_4)
FN:60,(anonymous_5)
FN:79,(anonymous_6)
FN:92,(anonymous_7)
FN:104,(anonymous_8)
FN:125,(anonymous_9)
FN:129,(anonymous_10)
FN:144,(anonymous_11)
FN:148,(anonymous_12)
FN:167,(anonymous_13)
FN:173,(anonymous_14)
FNF:15
FNH:2
FNDA:1,(anonymous_0)
FNDA:1,(anonymous_1)
FNDA:0,(anonymous_2)
FNDA:0,(anonymous_3)
FNDA:0,(anonymous_4)
FNDA:0,(anonymous_5)
FNDA:0,(anonymous_6)
FNDA:0,(anonymous_7)
FNDA:0,(anonymous_8)
FNDA:0,(anonymous_9)
FNDA:0,(anonymous_10)
FNDA:0,(anonymous_11)
FNDA:0,(anonymous_12)
FNDA:0,(anonymous_13)
FNDA:0,(anonymous_14)
DA:4,1
DA:5,1
DA:6,1
DA:7,1
DA:8,1
DA:29,1
DA:30,1
DA:31,1
DA:34,1
DA:36,1
DA:39,1
DA:40,0
DA:41,0
DA:42,0
DA:44,0
DA:45,0
DA:46,0
DA:47,0
DA:49,0
DA:50,0
DA:51,0
DA:53,0
DA:54,0
DA:55,0
DA:56,0
DA:57,0
DA:58,0
DA:60,0
DA:61,0
DA:62,0
DA:63,0
DA:65,0
DA:66,0
DA:72,0
DA:79,1
DA:81,0
DA:82,0
DA:83,0
DA:84,0
DA:85,0
DA:86,0
DA:88,0
DA:92,0
DA:93,0
DA:94,0
DA:95,0
DA:96,0
DA:98,0
DA:99,0
DA:100,0
DA:103,0
DA:104,0
DA:105,0
DA:106,0
DA:107,0
DA:108,0
DA:109,0
DA:110,0
DA:111,0
DA:113,0
DA:114,0
DA:115,0
DA:125,1
DA:127,0
DA:129,0
DA:130,0
DA:131,0
DA:132,0
DA:134,0
DA:135,0
DA:136,0
DA:137,0
DA:144,1
DA:145,0
DA:146,0
DA:148,0
DA:149,0
DA:150,0
DA:151,0
DA:153,0
DA:154,0
DA:155,0
DA:159,0
DA:164,1
DA:166,1
DA:168,0
DA:169,0
DA:173,1
DA:174,0
DA:175,0
DA:180,1
LF:91
LH:18
BRDA:49,0,0,0
BRDA:49,0,1,0
BRDA:53,1,0,0
BRDA:53,1,1,0
BRDA:56,2,0,0
BRDA:56,2,1,0
BRDA:61,3,0,0
BRDA:61,3,1,0
BRDA:94,4,0,0
BRDA:94,4,1,0
BRDA:98,5,0,0
BRDA:98,5,1,0
BRDA:105,6,0,0
BRDA:105,6,1,0
BRDA:108,7,0,0
BRDA:108,7,1,0
BRDA:130,8,0,0
BRDA:130,8,1,0
BRDA:149,9,0,0
BRDA:149,9,1,0
BRF:20
BRH:0
end_of_record
TN:
SF:/Users/ArturoSchmidt/Desktop/websites/siteDraper/onSiteDrpaery/routes/general-routes.js
FN:37,(anonymous_0)
FN:43,(anonymous_1)
FN:63,(anonymous_2)
FN:67,(anonymous_3)
FN:84,(anonymous_4)
FNF:5
FNH:4
FNDA:2,(anonymous_0)
FNDA:2,(anonymous_1)
FNDA:2,(anonymous_2)
FNDA:2,(anonymous_3)
FNDA:0,(anonymous_4)
DA:1,1
DA:2,1
DA:37,1
DA:41,2
DA:42,2
DA:43,2
DA:44,2
DA:45,0
DA:47,2
DA:63,1
DA:65,2
DA:67,2
DA:68,2
DA:69,0
DA:71,2
DA:72,2
DA:84,1
DA:85,0
DA:88,1
LF:19
LH:16
BRDA:44,0,0,0
BRDA:44,0,1,2
BRDA:68,1,0,0
BRDA:68,1,1,2
BRF:4
BRH:2
end_of_record
